<?xml version="1.0" encoding="UTF-8"?>
<!-- Generated by org.testng.reporters.JUnitXMLReporter -->
<testsuite ignored="0" hostname="Florentina" failures="0" tests="6" name="Test" time="12.481" errors="0" timestamp="2021-12-14T13:01:37 EET">
  <testcase classname="listeners.TestNGListenerDemo" name="test1" time="0.019"/>
  <testcase classname="listeners.TestNGListenerDemo" name="test2" time="12.287"/>
  <testcase classname="listeners.TestNGListenerDemo" name="test3" time="0.007">
    <skipped/>
  </testcase> <!-- test3 -->
  <testcase classname="listeners.TestNGListenerDemo2" name="test4" time="0.003"/>
  <testcase classname="listeners.TestNGListenerDemo2" name="test5" time="0.005"/>
  <testcase classname="listeners.TestNGListenerDemo2" name="test6" time="0.002">
    <skipped/>
  </testcase> <!-- test6 -->
</testsuite> <!-- Test -->
