<?xml version="1.0" encoding="UTF-8"?>
<testng-results ignored="0" total="1" passed="1" failed="0" skipped="0">
  <reporter-output>
  </reporter-output>
  <suite started-at="2022-01-04T16:11:00 EET" name="Default suite" finished-at="2022-01-04T16:11:00 EET" duration-ms="104">
    <groups>
    </groups>
    <test started-at="2022-01-04T16:11:00 EET" name="Default test" finished-at="2022-01-04T16:11:00 EET" duration-ms="104">
      <class name="demo.TestNGParametersDemo">
        <test-method signature="test(java.lang.String)[pri:0, instance:demo.TestNGParametersDemo@3fb1549b]" started-at="2022-01-04T16:11:00 EET" name="test" finished-at="2022-01-04T16:11:00 EET" duration-ms="17" status="PASS">
          <params>
            <param index="0">
              <value>
                <![CDATA[Florentina]]>
              </value>
            </param>
          </params>
          <reporter-output>
          </reporter-output>
        </test-method> <!-- test -->
      </class> <!-- demo.TestNGParametersDemo -->
    </test> <!-- Default test -->
  </suite> <!-- Default suite -->
</testng-results>
